Log started at 05/21/2024 15:24:18 (2024-05-21T09:54:18Z)
No config file at C:\ProgramData\Unreal Engine\UnrealBuildTool\BuildConfiguration.xml
No config file at C:\Users\visha\AppData\Local\Unreal Engine\UnrealBuildTool\BuildConfiguration.xml
No config file at C:\Users\visha\OneDrive\Documents\Unreal Engine\UnrealBuildTool\BuildConfiguration.xml
Configuration will be read from:
  C:\Users\visha\AppData\Roaming\Unreal Engine\UnrealBuildTool\BuildConfiguration.xml
Log file: D:\Unreal_Projects\RoallaBall\Balls\Saved\Logs\UnrealVersionSelector-2024.05.21-15.24.16.log

Setting temp directory to 'C:\Users\visha\AppData\Local\Temp\UnrealBuildTool\c00c4347'
    Registering build platform: UnrealBuildTool.AndroidPlatformFactory
    Registering build platform: UnrealBuildTool.IOSPlatformFactory
    Registering build platform: UnrealBuildTool.LinuxPlatformFactory
    Registering build platform: UnrealBuildTool.MacPlatformFactory
    Registering build platform: UnrealBuildTool.TVOSPlatformFactory
    Registering build platform: UnrealBuildTool.WindowsPlatformFactory
        Registering build platform: Win64 - buildable: False
    Registering build platform: UnrealBuildTool.VisionOSPlatformFactory
Log file: C:\Users\visha\AppData\Local\UnrealBuildTool\Log_GPF.txt
Resolved project argument D:/Unreal_Projects/RoallaBall/Balls/Balls.uproject to D:\Unreal_Projects\RoallaBall\Balls\Balls.uproject
Registering project generator UnrealBuildTool.AndroidProjectGenerator for Android
Skipping project file generator registration for Android due to no valid BuildPlatform.
Registering project generator UnrealBuildTool.IOSProjectGenerator for IOS
Skipping project file generator registration for IOS due to no valid BuildPlatform.
Registering project generator UnrealBuildTool.LinuxProjectGenerator for Linux
Skipping project file generator registration for Linux due to no valid BuildPlatform.
Registering project generator UnrealBuildTool.LinuxProjectGenerator for LinuxArm64
Skipping project file generator registration for LinuxArm64 due to no valid BuildPlatform.
Registering project generator UnrealBuildTool.MacProjectGenerator for Mac
Skipping project file generator registration for Mac due to no valid BuildPlatform.
Registering project generator UnrealBuildTool.TVOSProjectGenerator for TVOS
Skipping project file generator registration for TVOS due to no valid BuildPlatform.
Registering project generator UnrealBuildTool.WindowsProjectGenerator for Win64
Registering project generator UnrealBuildTool.VisionOSProjectGenerator for VisionOS
Skipping project file generator registration for VisionOS due to no valid BuildPlatform.

---   SDK INFO START   ---

Some Platforms were skipped due to invalid SDK setup: Win64.
See the log file for detailed information

---   SDK INFO END   ---


Generating VisualStudio project files:
Discovering modules, targets and source code for project...
Found VisualStudio2022 installation: C:\Program Files\Microsoft Visual Studio\2022\Community (Product=Microsoft.VisualStudio.Product.Community, Version=17.9.34728.123)
Detected supported platforms: Win64
Skipping D:\Installs\UE_5.4\Engine\Intermediate\Build\BuildRules\UE5Rules.dll: File is installed
Skipping D:\Installs\UE_5.4\Engine\Intermediate\Build\BuildRules\UE5ProgramRules.dll: File is installed
Visual Studio 2022 is installed, but is missing the C++ toolchain. Please verify that the "MSVC v143 - VS 2022 C++ x64/x86 build tools (Latest)" component is selected in the Visual Studio 2022 installation options.
Total execution time: 3.80 seconds
Visual Studio 2022 x64 must be installed in order to build this target.
BuildException: Visual Studio 2022 x64 must be installed in order to build this target.
   at UnrealBuildTool.VCEnvironmentParameters..ctor(WindowsCompiler Compiler, WindowsCompiler ToolChain, UnrealTargetPlatform Platform, UnrealArch Architecture, String CompilerVersion, String ToolchainVersion, String WindowsSdkVersion, String SuppliedSdkDirectoryForVersion, Boolean bUseCPPWinRT, Boolean bAllowClangLinker, ILogger Logger) in D:\build\++UE5\Sync\Engine\Saved\CsTools\Engine\Source\Programs\UnrealBuildTool\Platform\Windows\VCEnvironment.cs:line 469
   at UnrealBuildTool.VCEnvironment.Create(WindowsCompiler Compiler, WindowsCompiler ToolChain, UnrealTargetPlatform Platform, UnrealArch Architecture, String CompilerVersion, String ToolchainVersion, String WindowsSdkVersion, String SuppliedSdkDirectoryForVersion, Boolean bUseCPPWinRT, Boolean bAllowClangLinker, ILogger Logger) in D:\build\++UE5\Sync\Engine\Saved\CsTools\Engine\Source\Programs\UnrealBuildTool\Platform\Windows\VCEnvironment.cs:line 388
   at UnrealBuildTool.WindowsPlatform.CreateVCEnvironment(TargetRules Target) in D:\build\++UE5\Sync\Engine\Saved\CsTools\Engine\Source\Programs\UnrealBuildTool\Platform\Windows\UEBuildWindows.cs:line 1061
   at UnrealBuildTool.WindowsPlatform.ValidateTarget(TargetRules Target) in D:\build\++UE5\Sync\Engine\Saved\CsTools\Engine\Source\Programs\UnrealBuildTool\Platform\Windows\UEBuildWindows.cs:line 1187
   at UnrealBuildTool.RulesAssembly.CreateTargetRulesInstance(String TypeName, TargetInfo TargetInfo, ILogger Logger, Boolean IsTestTarget, Boolean bSkipValidation) in D:\build\++UE5\Sync\Engine\Saved\CsTools\Engine\Source\Programs\UnrealBuildTool\System\RulesAssembly.cs:line 735
   at UnrealBuildTool.RulesAssembly.CreateTargetRules(String TargetName, UnrealTargetPlatform Platform, UnrealTargetConfiguration Configuration, UnrealArchitectures Architectures, FileReference ProjectFile, CommandLineArguments Arguments, ILogger Logger, Boolean IsTestTarget, Boolean bSkipValidation, UnrealIntermediateEnvironment IntermediateEnvironment) in D:\build\++UE5\Sync\Engine\Saved\CsTools\Engine\Source\Programs\UnrealBuildTool\System\RulesAssembly.cs:line 848
   at UnrealBuildTool.ProjectFileGenerator.AddProjectsForAllTargets(PlatformProjectGeneratorCollection PlatformProjectGenerators, List`1 AllGames, List`1 AllTargetFiles, String[] Arguments, List`1 EngineProjects, List`1 GameProjects, Dictionary`2 ProjectFileToUProjectFile, Dictionary`2 ProgramProjects, Dictionary`2 RulesAssemblies, ILogger Logger) in D:\build\++UE5\Sync\Engine\Saved\CsTools\Engine\Source\Programs\UnrealBuildTool\ProjectFiles\ProjectFileGenerator.cs:line 2782
   at UnrealBuildTool.ProjectFileGenerator.GenerateProjectFiles(PlatformProjectGeneratorCollection PlatformProjectGenerators, String[] Arguments, Boolean bCacheDataForEditor, ILogger Logger) in D:\build\++UE5\Sync\Engine\Saved\CsTools\Engine\Source\Programs\UnrealBuildTool\ProjectFiles\ProjectFileGenerator.cs:line 1038
   at UnrealBuildTool.GenerateProjectFilesMode.ExecuteAsync(CommandLineArguments Arguments, ILogger Logger) in D:\build\++UE5\Sync\Engine\Saved\CsTools\Engine\Source\Programs\UnrealBuildTool\Modes\GenerateProjectFilesMode.cs:line 65
   at UnrealBuildTool.UnrealBuildTool.Main(String[] ArgumentsArray) in D:\build\++UE5\Sync\Engine\Saved\CsTools\Engine\Source\Programs\UnrealBuildTool\UnrealBuildTool.cs:line 660
WriteFileIfChanged() wrote 2 changed files of 2 requested writes.
Timeline:

[ 0.000]
[ 0.000](+3.922) <unknown>
[ 3.922]
